<?xml version="1.0" encoding="UTF-8"?>
<!-- Generated by org.testng.reporters.JUnitXMLReporter -->
<testsuite hostname="ULTRABOOK" name="Default test" tests="3" failures="0" timestamp="14 Sep 2020 08:16:21 GMT" time="0.136" errors="0">
  <testcase name="@BeforeTest setupTest" time="0.0" classname="com.driverScripts.NewTest">
    <failure type="org.testng.TestNGException" message="
Parameter &amp;apos;SignInEmail&amp;apos; is required by @Configuration on method setupTest but has not been marked @Optional or defined
in C:\Users\Gurcharan\AppData\Local\Temp\testng-eclipse--277694290\testng-customsuite.xml">
      <![CDATA[org.testng.TestNGException: 
Parameter 'SignInEmail' is required by @Configuration on method setupTest but has not been marked @Optional or defined
in C:\Users\Gurcharan\AppData\Local\Temp\testng-eclipse--277694290\testng-customsuite.xml
	at org.testng.internal.Parameters.createParameters(Parameters.java:154)
	at org.testng.internal.Parameters.createParameters(Parameters.java:361)
	at org.testng.internal.Parameters.createConfigurationParameters(Parameters.java:84)
	at org.testng.internal.Invoker.invokeConfigurations(Invoker.java:201)
	at org.testng.internal.Invoker.invokeConfigurations(Invoker.java:142)
	at org.testng.TestRunner.beforeRun(TestRunner.java:656)
	at org.testng.TestRunner.run(TestRunner.java:624)
	at org.testng.SuiteRunner.runTest(SuiteRunner.java:366)
	at org.testng.SuiteRunner.runSequentially(SuiteRunner.java:361)
	at org.testng.SuiteRunner.privateRun(SuiteRunner.java:319)
	at org.testng.SuiteRunner.run(SuiteRunner.java:268)
	at org.testng.SuiteRunnerWorker.runSuite(SuiteRunnerWorker.java:52)
	at org.testng.SuiteRunnerWorker.run(SuiteRunnerWorker.java:86)
	at org.testng.TestNG.runSuitesSequentially(TestNG.java:1244)
	at org.testng.TestNG.runSuitesLocally(TestNG.java:1169)
	at org.testng.TestNG.run(TestNG.java:1064)
	at org.testng.remote.AbstractRemoteTestNG.run(AbstractRemoteTestNG.java:114)
	at org.testng.remote.RemoteTestNG.initAndRun(RemoteTestNG.java:251)
	at org.testng.remote.RemoteTestNG.main(RemoteTestNG.java:77)
]]>
    </failure>
  </testcase> <!-- @BeforeTest setupTest -->
  <testcase name="@AfterMethod dealWithNotif" time="0.0" classname="com.driverScripts.NewTest">
    <skipped/>
  </testcase> <!-- @AfterMethod dealWithNotif -->
  <testcase name="@AfterTest close" time="0.0" classname="com.driverScripts.NewTest">
    <skipped/>
  </testcase> <!-- @AfterTest close -->
  <testcase name="login" time="0.016" classname="com.driverScripts.NewTest">
    <skipped/>
  </testcase> <!-- login -->
  <testcase name="openTest" time="0.0" classname="com.driverScripts.NewTest">
    <skipped/>
  </testcase> <!-- openTest -->
  <testcase name="attemptTest" time="0.0" classname="com.driverScripts.NewTest">
    <skipped/>
  </testcase> <!-- attemptTest -->
</testsuite> <!-- Default test -->
